<?xml version="1.0" encoding="UTF-8"?>
<!-- Generated by org.testng.reporters.JUnitReportReporter -->
<testsuite hostname="GKG" failures="0" tests="1" name="Testing.regression" time="11.348" errors="0" timestamp="2025-05-14T00:41:42 EDT" skipped="0">
  <testcase classname="Testing.regression" name="start_program" time="11.348"/>
</testsuite> <!-- Testing.regression -->
