<?xml version="1.0" encoding="UTF-8"?>
<!-- Generated by org.testng.reporters.JUnitReportReporter -->
<testsuite hostname="GKG" failures="0" tests="1" name="testing_folder.base_test" time="4.349" errors="0" timestamp="2025-05-19T18:35:36 EDT" skipped="0">
  <testcase classname="testing_folder.base_test" name="initialization" time="4.349"/>
</testsuite> <!-- testing_folder.base_test -->
