<?xml version="1.0" encoding="UTF-8"?>
<!-- Generated by org.testng.reporters.JUnitReportReporter -->
<testsuite hostname="GKG" failures="0" tests="1" name="testing_folder.casino_test" time="13.976" errors="0" timestamp="2025-06-07T13:40:50 EDT" skipped="0">
  <testcase classname="testing_folder.casino_test" name="casino_flow" time="13.976"/>
</testsuite> <!-- testing_folder.casino_test -->
