<?xml version="1.0" encoding="UTF-8"?>
<!-- Generated by org.testng.reporters.JUnitReportReporter -->
<testsuite hostname="GKG" failures="0" tests="2" name="testing_folder.regression" time="16.507" errors="0" timestamp="2025-06-05T16:36:24 EDT" skipped="0">
  <testcase classname="testing_folder.regression" name="test3" time="0.003"/>
  <testcase classname="testing_folder.regression" name="test" time="16.504"/>
</testsuite> <!-- testing_folder.regression -->
