<?xml version="1.0" encoding="UTF-8"?>
<!-- Generated by org.testng.reporters.JUnitReportReporter -->
<testsuite hostname="GKG" failures="0" tests="1" name="Testing.smoke_test" time="14.513" errors="0" timestamp="2025-05-14T00:41:42 EDT" skipped="0">
  <testcase classname="Testing.smoke_test" name="start_smoke" time="14.513"/>
</testsuite> <!-- Testing.smoke_test -->
