<?xml version="1.0" encoding="UTF-8"?>
<!-- Generated by org.testng.reporters.JUnitReportReporter -->
<testsuite hostname="GKG" failures="0" tests="2" name="testing_folder.regression" time="18.748" errors="0" timestamp="2025-06-03T00:20:26 EDT" skipped="0">
  <testcase classname="testing_folder.regression" name="test" time="18.747"/>
  <testcase classname="testing_folder.regression" name="test3" time="0.001"/>
</testsuite> <!-- testing_folder.regression -->
