<?xml version="1.0" encoding="UTF-8"?>
<!-- Generated by org.testng.reporters.JUnitReportReporter -->
<testsuite hostname="GKG" failures="0" tests="2" name="testing_folder.depositflow_debit" time="18.326" errors="0" timestamp="2025-06-07T13:27:32 EDT" skipped="0">
  <testcase classname="testing_folder.depositflow_debit" name="debit_flow" time="18.323"/>
  <testcase classname="testing_folder.depositflow_debit" name="test3" time="0.003"/>
</testsuite> <!-- testing_folder.depositflow_debit -->
