<?xml version="1.0" encoding="UTF-8"?>
<!-- Generated by org.testng.reporters.JUnitReportReporter -->
<testsuite hostname="GKG" failures="0" tests="3" name="testing_folder.regression" time="51.550" errors="0" timestamp="2025-06-07T02:39:50 EDT" skipped="1">
  <testcase classname="testing_folder.regression" name="test" time="25.125"/>
  <testcase classname="testing_folder.regression" name="test3" time="0.002"/>
  <testcase classname="testing_folder.regression" name="test" time="26.423">
    <skipped/>
  </testcase> <!-- test -->
</testsuite> <!-- testing_folder.regression -->
