<?xml version="1.0" encoding="UTF-8"?>
<!-- Generated by org.testng.reporters.JUnitReportReporter -->
<testsuite hostname="GKG" failures="0" tests="1" name="Testing.standalone" time="10.478" errors="0" timestamp="2025-05-13T20:03:53 EDT" skipped="0">
  <testcase classname="Testing.standalone" name="start_program" time="10.478"/>
</testsuite> <!-- Testing.standalone -->
